<?xml version="1.0" encoding="UTF-8"?>
<robot generator="Robot 5.0 (Python 3.10.4 on win32)" generated="20220510 12:01:27.578" rpa="false" schemaversion="3">
<suite id="s1" name="Verify Valid Credential Suite" source="C:\Users\Dell\Downloads\Internship\automation\OrangeHRAutomation\LoginSuite\verify_valid_credential_suite.robot">
<test id="s1-t1" name="TC1" line="24">
<kw name="Launch Browser" library="CommonFunctionality" type="SETUP">
<kw name="Append To Environment Variable" library="OperatingSystem">
<arg>path</arg>
<arg>${EXECDIR}${/}driver</arg>
<doc>Appends given ``values`` to environment variable ``name``.</doc>
<msg timestamp="20220510 12:01:28.606" level="INFO">Environment variable 'path' set to value 'C:\Program Files\Python310\Scripts\;C:\Program Files\Python310\;C:\WINDOWS\system32;C:\WINDOWS;C:\WINDOWS\System32\Wbem;C:\WINDOWS\System32\WindowsPowerShell\v1.0\;C:\WINDOWS\System32\OpenSSH\;C:\Program Files\Git\cmd;C:\Users\Dell\AppData\Local\Microsoft\WindowsApps;C:\Users\Dell\AppData\Local\Programs\Microsoft VS Code\bin;C:\Users\Dell\AppData\Roaming\Python\Python310\Scripts;;C:\Users\Dell\Downloads\Internship\automation\OrangeHRAutomation\driver'.</msg>
<status status="PASS" starttime="20220510 12:01:28.606" endtime="20220510 12:01:28.606"/>
</kw>
<kw name="Open Browser" library="SeleniumLibrary">
<arg>browser=${BROWSER}</arg>
<doc>Opens a new browser instance to the optional ``url``.</doc>
<msg timestamp="20220510 12:01:28.606" level="INFO">Opening browser 'chrome' to base url 'None'.</msg>
<status status="PASS" starttime="20220510 12:01:28.606" endtime="20220510 12:01:30.082"/>
</kw>
<kw name="Maximize Browser Window" library="SeleniumLibrary">
<doc>Maximizes current browser window.</doc>
<status status="PASS" starttime="20220510 12:01:30.083" endtime="20220510 12:01:30.195"/>
</kw>
<kw name="Set Selenium Implicit Wait" library="SeleniumLibrary">
<arg>30s</arg>
<doc>Sets the implicit wait value used by Selenium.</doc>
<status status="PASS" starttime="20220510 12:01:30.196" endtime="20220510 12:01:30.197"/>
</kw>
<kw name="Set Screenshot Directory" library="SeleniumLibrary">
<arg>${EXECDIR}${/}screenshot</arg>
<doc>Sets the directory for captured screenshots.</doc>
<status status="PASS" starttime="20220510 12:01:30.197" endtime="20220510 12:01:30.198"/>
</kw>
<kw name="Go To" library="SeleniumLibrary">
<arg>url=${URL}</arg>
<doc>Navigates the current browser window to the provided ``url``.</doc>
<msg timestamp="20220510 12:01:30.198" level="INFO">Opening url 'https://opensource-demo.orangehrmlive.com/'</msg>
<status status="PASS" starttime="20220510 12:01:30.198" endtime="20220510 12:01:35.741"/>
</kw>
<status status="PASS" starttime="20220510 12:01:28.605" endtime="20220510 12:01:35.741"/>
</kw>
<kw name="Valid Credential Template">
<arg>Admin</arg>
<arg>admin123</arg>
<arg>My Info</arg>
<kw name="Input Text" library="SeleniumLibrary">
<arg>id=txtUsername</arg>
<arg>${username}</arg>
<doc>Types the given ``text`` into the text field identified by ``locator``.</doc>
<msg timestamp="20220510 12:01:35.743" level="INFO">Typing text 'Admin' into text field 'id=txtUsername'.</msg>
<status status="PASS" starttime="20220510 12:01:35.742" endtime="20220510 12:01:35.828"/>
</kw>
<kw name="Input Password" library="SeleniumLibrary">
<arg>id=txtPassword</arg>
<arg>${password}</arg>
<doc>Types the given password into the text field identified by ``locator``.</doc>
<msg timestamp="20220510 12:01:35.829" level="INFO">Typing password into text field 'id=txtPassword'.</msg>
<msg timestamp="20220510 12:01:35.867" level="INFO">Temporally setting log level to: NONE</msg>
<msg timestamp="20220510 12:01:35.906" level="INFO">Log level changed from NONE to INFO.</msg>
<status status="PASS" starttime="20220510 12:01:35.828" endtime="20220510 12:01:35.906"/>
</kw>
<kw name="Click Element" library="SeleniumLibrary">
<arg>id=btnLogin</arg>
<doc>Click the element identified by ``locator``.</doc>
<msg timestamp="20220510 12:01:35.907" level="INFO">Clicking element 'id=btnLogin'.</msg>
<status status="PASS" starttime="20220510 12:01:35.906" endtime="20220510 12:01:37.519"/>
</kw>
<kw name="Page Should Contain" library="SeleniumLibrary">
<arg>${expected_value}</arg>
<doc>Verifies that current page contains ``text``.</doc>
<msg timestamp="20220510 12:02:37.795" level="INFO" html="true">&lt;/td&gt;&lt;/tr&gt;&lt;tr&gt;&lt;td colspan="3"&gt;&lt;a href="screenshot/selenium-screenshot-1.png"&gt;&lt;img src="screenshot/selenium-screenshot-1.png" width="800px"&gt;&lt;/a&gt;</msg>
<msg timestamp="20220510 12:02:37.796" level="FAIL">Page should have contained text 'My Info' but did not.</msg>
<status status="FAIL" starttime="20220510 12:01:37.520" endtime="20220510 12:02:37.878"/>
</kw>
<status status="FAIL" starttime="20220510 12:01:35.742" endtime="20220510 12:02:37.879"/>
</kw>
<kw name="Close Browser" library="SeleniumLibrary" type="TEARDOWN">
<doc>Closes the current browser.</doc>
<status status="PASS" starttime="20220510 12:02:37.880" endtime="20220510 12:02:40.063"/>
</kw>
<status status="FAIL" starttime="20220510 12:01:28.604" endtime="20220510 12:02:40.065">Page should have contained text 'My Info' but did not.</status>
</test>
<test id="s1-t2" name="TC1" line="24">
<kw name="Launch Browser" library="CommonFunctionality" type="SETUP">
<kw name="Append To Environment Variable" library="OperatingSystem">
<arg>path</arg>
<arg>${EXECDIR}${/}driver</arg>
<doc>Appends given ``values`` to environment variable ``name``.</doc>
<msg timestamp="20220510 12:02:40.080" level="INFO">Environment variable 'path' set to value 'C:\Program Files\Python310\Scripts\;C:\Program Files\Python310\;C:\WINDOWS\system32;C:\WINDOWS;C:\WINDOWS\System32\Wbem;C:\WINDOWS\System32\WindowsPowerShell\v1.0\;C:\WINDOWS\System32\OpenSSH\;C:\Program Files\Git\cmd;C:\Users\Dell\AppData\Local\Microsoft\WindowsApps;C:\Users\Dell\AppData\Local\Programs\Microsoft VS Code\bin;C:\Users\Dell\AppData\Roaming\Python\Python310\Scripts;;C:\Users\Dell\Downloads\Internship\automation\OrangeHRAutomation\driver;C:\Users\Dell\Downloads\Internship\automation\OrangeHRAutomation\driver'.</msg>
<status status="PASS" starttime="20220510 12:02:40.079" endtime="20220510 12:02:40.081"/>
</kw>
<kw name="Open Browser" library="SeleniumLibrary">
<arg>browser=${BROWSER}</arg>
<doc>Opens a new browser instance to the optional ``url``.</doc>
<msg timestamp="20220510 12:02:40.082" level="INFO">Opening browser 'chrome' to base url 'None'.</msg>
<status status="PASS" starttime="20220510 12:02:40.081" endtime="20220510 12:02:41.518"/>
</kw>
<kw name="Maximize Browser Window" library="SeleniumLibrary">
<doc>Maximizes current browser window.</doc>
<status status="PASS" starttime="20220510 12:02:41.519" endtime="20220510 12:02:41.637"/>
</kw>
<kw name="Set Selenium Implicit Wait" library="SeleniumLibrary">
<arg>30s</arg>
<doc>Sets the implicit wait value used by Selenium.</doc>
<status status="PASS" starttime="20220510 12:02:41.638" endtime="20220510 12:02:41.643"/>
</kw>
<kw name="Set Screenshot Directory" library="SeleniumLibrary">
<arg>${EXECDIR}${/}screenshot</arg>
<doc>Sets the directory for captured screenshots.</doc>
<status status="PASS" starttime="20220510 12:02:41.644" endtime="20220510 12:02:41.645"/>
</kw>
<kw name="Go To" library="SeleniumLibrary">
<arg>url=${URL}</arg>
<doc>Navigates the current browser window to the provided ``url``.</doc>
<msg timestamp="20220510 12:02:41.648" level="INFO">Opening url 'https://opensource-demo.orangehrmlive.com/'</msg>
<status status="PASS" starttime="20220510 12:02:41.646" endtime="20220510 12:02:47.213"/>
</kw>
<status status="PASS" starttime="20220510 12:02:40.077" endtime="20220510 12:02:47.213"/>
</kw>
<kw name="Valid Credential Template">
<arg>Admin</arg>
<arg>admin123</arg>
<arg>Welcome</arg>
<kw name="Input Text" library="SeleniumLibrary">
<arg>id=txtUsername</arg>
<arg>${username}</arg>
<doc>Types the given ``text`` into the text field identified by ``locator``.</doc>
<msg timestamp="20220510 12:02:47.214" level="INFO">Typing text 'Admin' into text field 'id=txtUsername'.</msg>
<status status="PASS" starttime="20220510 12:02:47.214" endtime="20220510 12:02:47.300"/>
</kw>
<kw name="Input Password" library="SeleniumLibrary">
<arg>id=txtPassword</arg>
<arg>${password}</arg>
<doc>Types the given password into the text field identified by ``locator``.</doc>
<msg timestamp="20220510 12:02:47.301" level="INFO">Typing password into text field 'id=txtPassword'.</msg>
<msg timestamp="20220510 12:02:47.338" level="INFO">Temporally setting log level to: NONE</msg>
<msg timestamp="20220510 12:02:47.376" level="INFO">Log level changed from NONE to INFO.</msg>
<status status="PASS" starttime="20220510 12:02:47.301" endtime="20220510 12:02:47.376"/>
</kw>
<kw name="Click Element" library="SeleniumLibrary">
<arg>id=btnLogin</arg>
<doc>Click the element identified by ``locator``.</doc>
<msg timestamp="20220510 12:02:47.377" level="INFO">Clicking element 'id=btnLogin'.</msg>
<status status="PASS" starttime="20220510 12:02:47.377" endtime="20220510 12:02:49.311"/>
</kw>
<kw name="Page Should Contain" library="SeleniumLibrary">
<arg>${expected_value}</arg>
<doc>Verifies that current page contains ``text``.</doc>
<msg timestamp="20220510 12:03:49.634" level="INFO" html="true">&lt;/td&gt;&lt;/tr&gt;&lt;tr&gt;&lt;td colspan="3"&gt;&lt;a href="screenshot/selenium-screenshot-2.png"&gt;&lt;img src="screenshot/selenium-screenshot-2.png" width="800px"&gt;&lt;/a&gt;</msg>
<msg timestamp="20220510 12:03:49.634" level="FAIL">Page should have contained text 'Welcome' but did not.</msg>
<status status="FAIL" starttime="20220510 12:02:49.312" endtime="20220510 12:03:49.634"/>
</kw>
<status status="FAIL" starttime="20220510 12:02:47.213" endtime="20220510 12:03:49.635"/>
</kw>
<kw name="Close Browser" library="SeleniumLibrary" type="TEARDOWN">
<doc>Closes the current browser.</doc>
<status status="PASS" starttime="20220510 12:03:49.636" endtime="20220510 12:03:51.753"/>
</kw>
<status status="FAIL" starttime="20220510 12:02:40.073" endtime="20220510 12:03:51.754">Page should have contained text 'Welcome' but did not.</status>
</test>
<doc>This suite will handle valid credential
test - TC_OH_2</doc>
<status status="FAIL" starttime="20220510 12:01:27.580" endtime="20220510 12:03:51.757"/>
</suite>
<statistics>
<total>
<stat pass="0" fail="2" skip="0">All Tests</stat>
</total>
<tag>
</tag>
<suite>
<stat pass="0" fail="2" skip="0" id="s1" name="Verify Valid Credential Suite">Verify Valid Credential Suite</stat>
</suite>
</statistics>
<errors>
<msg timestamp="20220510 12:02:40.071" level="WARN">Multiple tests with name 'TC1' executed in suite 'Verify Valid Credential Suite'.</msg>
</errors>
</robot>
