<?xml version="1.0" encoding="UTF-8"?>
<robot generator="Robot 5.0 (Python 3.10.4 on win32)" generated="20220510 09:40:16.959" rpa="false" schemaversion="3">
<suite id="s1" name="Verify Invalid Credential Suite" source="C:\Users\Dell\Downloads\Internship\automation\OrangeHRAutomation\LoginSuite\verify_invalid_credential_suite.robot">
<test id="s1-t1" name="TC1" line="19">
<kw name="Launch Browser" library="CommonFunctionality" type="SETUP">
<kw name="Append To Environment Variable" library="OperatingSystem">
<arg>path</arg>
<arg>${EXECDIR}${/}driver</arg>
<doc>Appends given ``values`` to environment variable ``name``.</doc>
<msg timestamp="20220510 09:40:17.194" level="INFO">Environment variable 'path' set to value 'C:\Program Files\Python310\Scripts\;C:\Program Files\Python310\;C:\WINDOWS\system32;C:\WINDOWS;C:\WINDOWS\System32\Wbem;C:\WINDOWS\System32\WindowsPowerShell\v1.0\;C:\WINDOWS\System32\OpenSSH\;C:\Program Files\Git\cmd;C:\Users\Dell\AppData\Local\Microsoft\WindowsApps;C:\Users\Dell\AppData\Local\Programs\Microsoft VS Code\bin;C:\Users\Dell\AppData\Roaming\Python\Python310\Scripts;;C:\Users\Dell\Downloads\Internship\automation\OrangeHRAutomation\driver'.</msg>
<status status="PASS" starttime="20220510 09:40:17.194" endtime="20220510 09:40:17.194"/>
</kw>
<kw name="Open Browser" library="SeleniumLibrary">
<arg>browser=${BROWSER}</arg>
<doc>Opens a new browser instance to the optional ``url``.</doc>
<msg timestamp="20220510 09:40:17.209" level="INFO">Opening browser 'chrome' to base url 'None'.</msg>
<status status="PASS" starttime="20220510 09:40:17.209" endtime="20220510 09:40:18.935"/>
</kw>
<kw name="Maximize Browser Window" library="SeleniumLibrary">
<doc>Maximizes current browser window.</doc>
<status status="PASS" starttime="20220510 09:40:18.935" endtime="20220510 09:40:19.064"/>
</kw>
<kw name="Set Selenium Implicit Wait" library="SeleniumLibrary">
<arg>30s</arg>
<doc>Sets the implicit wait value used by Selenium.</doc>
<status status="PASS" starttime="20220510 09:40:19.064" endtime="20220510 09:40:19.064"/>
</kw>
<kw name="Set Screenshot Directory" library="SeleniumLibrary">
<arg>${EXECDIR}${/}screenshot</arg>
<doc>Sets the directory for captured screenshots.</doc>
<status status="PASS" starttime="20220510 09:40:19.064" endtime="20220510 09:40:19.064"/>
</kw>
<kw name="Go To" library="SeleniumLibrary">
<arg>url=${URL}</arg>
<doc>Navigates the current browser window to the provided ``url``.</doc>
<msg timestamp="20220510 09:40:19.064" level="INFO">Opening url 'https://opensource-demo.orangehrmlive.com/'</msg>
<status status="PASS" starttime="20220510 09:40:19.064" endtime="20220510 09:40:58.612"/>
</kw>
<status status="PASS" starttime="20220510 09:40:17.194" endtime="20220510 09:40:58.612"/>
</kw>
<kw name="Invalid Credential Template">
<arg>john</arg>
<arg>john123</arg>
<arg>Invalid credentials</arg>
<kw name="Input Text" library="SeleniumLibrary">
<arg>id=txtUsername</arg>
<arg>${username}</arg>
<doc>Types the given ``text`` into the text field identified by ``locator``.</doc>
<msg timestamp="20220510 09:40:58.612" level="INFO">Typing text 'john' into text field 'id=txtUsername'.</msg>
<status status="PASS" starttime="20220510 09:40:58.612" endtime="20220510 09:40:58.706"/>
</kw>
<kw name="Input Password" library="SeleniumLibrary">
<arg>id=txtPassword</arg>
<arg>${password}</arg>
<doc>Types the given password into the text field identified by ``locator``.</doc>
<msg timestamp="20220510 09:40:58.706" level="INFO">Typing password into text field 'id=txtPassword'.</msg>
<msg timestamp="20220510 09:40:58.737" level="INFO">Temporally setting log level to: NONE</msg>
<msg timestamp="20220510 09:40:58.784" level="INFO">Log level changed from NONE to INFO.</msg>
<status status="PASS" starttime="20220510 09:40:58.706" endtime="20220510 09:40:58.784"/>
</kw>
<kw name="Click Element" library="SeleniumLibrary">
<arg>id=btnLogin</arg>
<doc>Click the element identified by ``locator``.</doc>
<msg timestamp="20220510 09:40:58.784" level="INFO">Clicking element 'id=btnLogin'.</msg>
<status status="PASS" starttime="20220510 09:40:58.784" endtime="20220510 09:41:01.392"/>
</kw>
<kw name="Element Text Should Be" library="SeleniumLibrary">
<arg>id=spanMessage</arg>
<arg>expected=${expected_error}</arg>
<doc>Verifies that element ``locator`` contains exact the text ``expected``.</doc>
<msg timestamp="20220510 09:41:01.392" level="INFO">Verifying element 'id=spanMessage' contains exact text 'Invalid credentials'.</msg>
<status status="PASS" starttime="20220510 09:41:01.392" endtime="20220510 09:41:01.424"/>
</kw>
<status status="PASS" starttime="20220510 09:40:58.612" endtime="20220510 09:41:01.424"/>
</kw>
<kw name="Close Browser" library="SeleniumLibrary" type="TEARDOWN">
<doc>Closes the current browser.</doc>
<status status="PASS" starttime="20220510 09:41:01.424" endtime="20220510 09:41:03.565"/>
</kw>
<status status="PASS" starttime="20220510 09:40:17.194" endtime="20220510 09:41:03.565"/>
</test>
<test id="s1-t2" name="TC2" line="20">
<kw name="Launch Browser" library="CommonFunctionality" type="SETUP">
<kw name="Append To Environment Variable" library="OperatingSystem">
<arg>path</arg>
<arg>${EXECDIR}${/}driver</arg>
<doc>Appends given ``values`` to environment variable ``name``.</doc>
<msg timestamp="20220510 09:41:03.565" level="INFO">Environment variable 'path' set to value 'C:\Program Files\Python310\Scripts\;C:\Program Files\Python310\;C:\WINDOWS\system32;C:\WINDOWS;C:\WINDOWS\System32\Wbem;C:\WINDOWS\System32\WindowsPowerShell\v1.0\;C:\WINDOWS\System32\OpenSSH\;C:\Program Files\Git\cmd;C:\Users\Dell\AppData\Local\Microsoft\WindowsApps;C:\Users\Dell\AppData\Local\Programs\Microsoft VS Code\bin;C:\Users\Dell\AppData\Roaming\Python\Python310\Scripts;;C:\Users\Dell\Downloads\Internship\automation\OrangeHRAutomation\driver;C:\Users\Dell\Downloads\Internship\automation\OrangeHRAutomation\driver'.</msg>
<status status="PASS" starttime="20220510 09:41:03.565" endtime="20220510 09:41:03.565"/>
</kw>
<kw name="Open Browser" library="SeleniumLibrary">
<arg>browser=${BROWSER}</arg>
<doc>Opens a new browser instance to the optional ``url``.</doc>
<msg timestamp="20220510 09:41:03.565" level="INFO">Opening browser 'chrome' to base url 'None'.</msg>
<status status="PASS" starttime="20220510 09:41:03.565" endtime="20220510 09:41:05.087"/>
</kw>
<kw name="Maximize Browser Window" library="SeleniumLibrary">
<doc>Maximizes current browser window.</doc>
<status status="PASS" starttime="20220510 09:41:05.087" endtime="20220510 09:41:05.219"/>
</kw>
<kw name="Set Selenium Implicit Wait" library="SeleniumLibrary">
<arg>30s</arg>
<doc>Sets the implicit wait value used by Selenium.</doc>
<status status="PASS" starttime="20220510 09:41:05.219" endtime="20220510 09:41:05.219"/>
</kw>
<kw name="Set Screenshot Directory" library="SeleniumLibrary">
<arg>${EXECDIR}${/}screenshot</arg>
<doc>Sets the directory for captured screenshots.</doc>
<status status="PASS" starttime="20220510 09:41:05.219" endtime="20220510 09:41:05.219"/>
</kw>
<kw name="Go To" library="SeleniumLibrary">
<arg>url=${URL}</arg>
<doc>Navigates the current browser window to the provided ``url``.</doc>
<msg timestamp="20220510 09:41:05.219" level="INFO">Opening url 'https://opensource-demo.orangehrmlive.com/'</msg>
<status status="PASS" starttime="20220510 09:41:05.219" endtime="20220510 09:41:51.008"/>
</kw>
<status status="PASS" starttime="20220510 09:41:03.565" endtime="20220510 09:41:51.009"/>
</kw>
<kw name="Invalid Credential Template">
<arg>peter</arg>
<arg>peter123</arg>
<arg>Invalid credentials</arg>
<kw name="Input Text" library="SeleniumLibrary">
<arg>id=txtUsername</arg>
<arg>${username}</arg>
<doc>Types the given ``text`` into the text field identified by ``locator``.</doc>
<msg timestamp="20220510 09:41:51.011" level="INFO">Typing text 'peter' into text field 'id=txtUsername'.</msg>
<status status="PASS" starttime="20220510 09:41:51.011" endtime="20220510 09:41:51.092"/>
</kw>
<kw name="Input Password" library="SeleniumLibrary">
<arg>id=txtPassword</arg>
<arg>${password}</arg>
<doc>Types the given password into the text field identified by ``locator``.</doc>
<msg timestamp="20220510 09:41:51.092" level="INFO">Typing password into text field 'id=txtPassword'.</msg>
<msg timestamp="20220510 09:41:51.124" level="INFO">Temporally setting log level to: NONE</msg>
<msg timestamp="20220510 09:41:51.155" level="INFO">Log level changed from NONE to INFO.</msg>
<status status="PASS" starttime="20220510 09:41:51.092" endtime="20220510 09:41:51.155"/>
</kw>
<kw name="Click Element" library="SeleniumLibrary">
<arg>id=btnLogin</arg>
<doc>Click the element identified by ``locator``.</doc>
<msg timestamp="20220510 09:41:51.155" level="INFO">Clicking element 'id=btnLogin'.</msg>
<status status="PASS" starttime="20220510 09:41:51.155" endtime="20220510 09:41:53.216"/>
</kw>
<kw name="Element Text Should Be" library="SeleniumLibrary">
<arg>id=spanMessage</arg>
<arg>expected=${expected_error}</arg>
<doc>Verifies that element ``locator`` contains exact the text ``expected``.</doc>
<msg timestamp="20220510 09:41:53.217" level="INFO">Verifying element 'id=spanMessage' contains exact text 'Invalid credentials'.</msg>
<status status="PASS" starttime="20220510 09:41:53.216" endtime="20220510 09:41:53.254"/>
</kw>
<status status="PASS" starttime="20220510 09:41:51.010" endtime="20220510 09:41:53.254"/>
</kw>
<kw name="Close Browser" library="SeleniumLibrary" type="TEARDOWN">
<doc>Closes the current browser.</doc>
<status status="PASS" starttime="20220510 09:41:53.254" endtime="20220510 09:41:55.400"/>
</kw>
<status status="PASS" starttime="20220510 09:41:03.565" endtime="20220510 09:41:55.400"/>
</test>
<doc>This suite will handle invalid credential
test - TC_OH_3</doc>
<status status="PASS" starttime="20220510 09:40:16.959" endtime="20220510 09:41:55.400"/>
</suite>
<statistics>
<total>
<stat pass="2" fail="0" skip="0">All Tests</stat>
</total>
<tag>
</tag>
<suite>
<stat pass="2" fail="0" skip="0" id="s1" name="Verify Invalid Credential Suite">Verify Invalid Credential Suite</stat>
</suite>
</statistics>
<errors>
</errors>
</robot>
